{"uid":"3855ef15bc5987e0","name":"checkAverageValuesInRentMallWise_7046Test","fullName":"markets.RetailSectorTest.checkAverageValuesInRentMallWise_7046Test","historyId":"bcc8223047bbcba796f8b2f8f3ffffd7","time":{"start":1764837711159,"stop":1764837783793,"duration":72634},"status":"broken","statusMessage":"Expected condition failed: waiting for invisibility of [[FirefoxDriver: firefox on windows (dc3d041b-be34-4033-8f6d-4d905f4eb379)] -> xpath: //div[@class='bar loader-body']] (tried for 60 second(s) with 500 milliseconds interval)\nBuild info: version: '4.38.0', revision: '6b412e825c*'\nSystem info: os.name: 'Windows 11', os.arch: 'amd64', os.version: '10.0', java.version: '17.0.9'\nDriver info: org.openqa.selenium.firefox.FirefoxDriver\nCapabilities {acceptInsecureCerts: true, browserName: firefox, browserVersion: 145.0.2, moz:accessibilityChecks: false, moz:buildID: 20251124145406, moz:geckodriverVersion: 0.36.0, moz:headless: false, moz:platformVersion: 10.0, moz:processID: 15172, moz:profile: C:\\Users\\RISHAB~1\\AppData\\L..., moz:shutdownTimeout: 60000, moz:webdriverClick: true, moz:windowless: false, pageLoadStrategy: normal, platformName: windows, proxy: Proxy(), setWindowRect: true, strictFileInteractability: false, timeouts: {implicit: 0, pageLoad: 300000, script: 30000}, unhandledPromptBehavior: dismiss and notify, userAgent: Mozilla/5.0 (Windows NT 10....}\nSession ID: dc3d041b-be34-4033-8f6d-4d905f4eb379","statusTrace":"org.openqa.selenium.TimeoutException: Expected condition failed: waiting for invisibility of [[FirefoxDriver: firefox on windows (dc3d041b-be34-4033-8f6d-4d905f4eb379)] -> xpath: //div[@class='bar loader-body']] (tried for 60 second(s) with 500 milliseconds interval)\nBuild info: version: '4.38.0', revision: '6b412e825c*'\nSystem info: os.name: 'Windows 11', os.arch: 'amd64', os.version: '10.0', java.version: '17.0.9'\nDriver info: org.openqa.selenium.firefox.FirefoxDriver\nCapabilities {acceptInsecureCerts: true, browserName: firefox, browserVersion: 145.0.2, moz:accessibilityChecks: false, moz:buildID: 20251124145406, moz:geckodriverVersion: 0.36.0, moz:headless: false, moz:platformVersion: 10.0, moz:processID: 15172, moz:profile: C:\\Users\\RISHAB~1\\AppData\\L..., moz:shutdownTimeout: 60000, moz:webdriverClick: true, moz:windowless: false, pageLoadStrategy: normal, platformName: windows, proxy: Proxy(), setWindowRect: true, strictFileInteractability: false, timeouts: {implicit: 0, pageLoad: 300000, script: 30000}, unhandledPromptBehavior: dismiss and notify, userAgent: Mozilla/5.0 (Windows NT 10....}\nSession ID: dc3d041b-be34-4033-8f6d-4d905f4eb379\r\n\tat org.openqa.selenium.support.ui.WebDriverWait.timeoutException(WebDriverWait.java:84)\r\n\tat org.openqa.selenium.support.ui.FluentWait.until(FluentWait.java:228)\r\n\tat genericUtility_ADMIN.WebDriverUtility.invisibilityOfElement(WebDriverUtility.java:308)\r\n\tat genericUtility_Markets.Markets_CommonMethods.waitForReportLoad(Markets_CommonMethods.java:2357)\r\n\tat objectRepository_Markets.Markets_GenerateReportModulePage.waitForMarketsReportLoad(Markets_GenerateReportModulePage.java:636)\r\n\tat objectRepository_Markets.Markets_GenerateReportModulePage.navigateToRetailMallsAndPlazaRentalL3Report(Markets_GenerateReportModulePage.java:485)\r\n\tat markets.RetailSectorTest.checkAverageValuesInRentMallWise_7046Test(RetailSectorTest.java:429)\r\n\tat java.base/jdk.internal.reflect.NativeMethodAccessorImpl.invoke0(Native Method)\r\n\tat java.base/jdk.internal.reflect.NativeMethodAccessorImpl.invoke(NativeMethodAccessorImpl.java:77)\r\n\tat java.base/jdk.internal.reflect.DelegatingMethodAccessorImpl.invoke(DelegatingMethodAccessorImpl.java:43)\r\n\tat java.base/java.lang.reflect.Method.invoke(Method.java:568)\r\n\tat org.testng.internal.invokers.MethodInvocationHelper.invokeMethod(MethodInvocationHelper.java:141)\r\n\tat org.testng.internal.invokers.TestInvoker.invokeMethod(TestInvoker.java:687)\r\n\tat org.testng.internal.invokers.TestInvoker.invokeTestMethod(TestInvoker.java:230)\r\n\tat org.testng.internal.invokers.MethodRunner.runInSequence(MethodRunner.java:63)\r\n\tat org.testng.internal.invokers.TestInvoker$MethodInvocationAgent.invoke(TestInvoker.java:995)\r\n\tat org.testng.internal.invokers.TestInvoker.invokeTestMethods(TestInvoker.java:203)\r\n\tat org.testng.internal.invokers.TestMethodWorker.invokeTestMethods(TestMethodWorker.java:154)\r\n\tat org.testng.internal.invokers.TestMethodWorker.run(TestMethodWorker.java:134)\r\n\tat java.base/java.util.ArrayList.forEach(ArrayList.java:1511)\r\n\tat org.testng.TestRunner.privateRun(TestRunner.java:741)\r\n\tat org.testng.TestRunner.run(TestRunner.java:616)\r\n\tat org.testng.SuiteRunner.runTest(SuiteRunner.java:421)\r\n\tat org.testng.SuiteRunner.runSequentially(SuiteRunner.java:413)\r\n\tat org.testng.SuiteRunner.privateRun(SuiteRunner.java:373)\r\n\tat org.testng.SuiteRunner.run(SuiteRunner.java:312)\r\n\tat org.testng.SuiteRunnerWorker.runSuite(SuiteRunnerWorker.java:52)\r\n\tat org.testng.SuiteRunnerWorker.run(SuiteRunnerWorker.java:95)\r\n\tat org.testng.TestNG.runSuitesSequentially(TestNG.java:1274)\r\n\tat org.testng.TestNG.runSuitesLocally(TestNG.java:1208)\r\n\tat org.testng.TestNG.runSuites(TestNG.java:1112)\r\n\tat org.testng.TestNG.run(TestNG.java:1079)\r\n\tat org.testng.remote.AbstractRemoteTestNG.run(AbstractRemoteTestNG.java:115)\r\n\tat org.testng.remote.RemoteTestNG.initAndRun(RemoteTestNG.java:293)\r\n\tat org.testng.remote.RemoteTestNG.main(RemoteTestNG.java:91)\r\n","flaky":false,"newFailed":false,"newBroken":false,"newPassed":false,"retriesCount":0,"retriesStatusChange":false,"beforeStages":[{"name":"bcConfig","time":{"start":1764837614813,"stop":1764837624693,"duration":9880},"description":"","status":"passed","steps":[],"attachments":[],"parameters":[],"hasContent":false,"attachmentStep":false,"stepsCount":0,"attachmentsCount":0,"shouldDisplayMessage":false},{"name":"bmConfig","time":{"start":1764837706095,"stop":1764837711073,"duration":4978},"description":"","status":"passed","steps":[],"attachments":[],"parameters":[],"hasContent":false,"attachmentStep":false,"stepsCount":0,"attachmentsCount":0,"shouldDisplayMessage":false}],"testStage":{"status":"broken","statusMessage":"Expected condition failed: waiting for invisibility of [[FirefoxDriver: firefox on windows (dc3d041b-be34-4033-8f6d-4d905f4eb379)] -> xpath: //div[@class='bar loader-body']] (tried for 60 second(s) with 500 milliseconds interval)\nBuild info: version: '4.38.0', revision: '6b412e825c*'\nSystem info: os.name: 'Windows 11', os.arch: 'amd64', os.version: '10.0', java.version: '17.0.9'\nDriver info: org.openqa.selenium.firefox.FirefoxDriver\nCapabilities {acceptInsecureCerts: true, browserName: firefox, browserVersion: 145.0.2, moz:accessibilityChecks: false, moz:buildID: 20251124145406, moz:geckodriverVersion: 0.36.0, moz:headless: false, moz:platformVersion: 10.0, moz:processID: 15172, moz:profile: C:\\Users\\RISHAB~1\\AppData\\L..., moz:shutdownTimeout: 60000, moz:webdriverClick: true, moz:windowless: false, pageLoadStrategy: normal, platformName: windows, proxy: Proxy(), setWindowRect: true, strictFileInteractability: false, timeouts: {implicit: 0, pageLoad: 300000, script: 30000}, unhandledPromptBehavior: dismiss and notify, userAgent: Mozilla/5.0 (Windows NT 10....}\nSession ID: dc3d041b-be34-4033-8f6d-4d905f4eb379","statusTrace":"org.openqa.selenium.TimeoutException: Expected condition failed: waiting for invisibility of [[FirefoxDriver: firefox on windows (dc3d041b-be34-4033-8f6d-4d905f4eb379)] -> xpath: //div[@class='bar loader-body']] (tried for 60 second(s) with 500 milliseconds interval)\nBuild info: version: '4.38.0', revision: '6b412e825c*'\nSystem info: os.name: 'Windows 11', os.arch: 'amd64', os.version: '10.0', java.version: '17.0.9'\nDriver info: org.openqa.selenium.firefox.FirefoxDriver\nCapabilities {acceptInsecureCerts: true, browserName: firefox, browserVersion: 145.0.2, moz:accessibilityChecks: false, moz:buildID: 20251124145406, moz:geckodriverVersion: 0.36.0, moz:headless: false, moz:platformVersion: 10.0, moz:processID: 15172, moz:profile: C:\\Users\\RISHAB~1\\AppData\\L..., moz:shutdownTimeout: 60000, moz:webdriverClick: true, moz:windowless: false, pageLoadStrategy: normal, platformName: windows, proxy: Proxy(), setWindowRect: true, strictFileInteractability: false, timeouts: {implicit: 0, pageLoad: 300000, script: 30000}, unhandledPromptBehavior: dismiss and notify, userAgent: Mozilla/5.0 (Windows NT 10....}\nSession ID: dc3d041b-be34-4033-8f6d-4d905f4eb379\r\n\tat org.openqa.selenium.support.ui.WebDriverWait.timeoutException(WebDriverWait.java:84)\r\n\tat org.openqa.selenium.support.ui.FluentWait.until(FluentWait.java:228)\r\n\tat genericUtility_ADMIN.WebDriverUtility.invisibilityOfElement(WebDriverUtility.java:308)\r\n\tat genericUtility_Markets.Markets_CommonMethods.waitForReportLoad(Markets_CommonMethods.java:2357)\r\n\tat objectRepository_Markets.Markets_GenerateReportModulePage.waitForMarketsReportLoad(Markets_GenerateReportModulePage.java:636)\r\n\tat objectRepository_Markets.Markets_GenerateReportModulePage.navigateToRetailMallsAndPlazaRentalL3Report(Markets_GenerateReportModulePage.java:485)\r\n\tat markets.RetailSectorTest.checkAverageValuesInRentMallWise_7046Test(RetailSectorTest.java:429)\r\n\tat java.base/jdk.internal.reflect.NativeMethodAccessorImpl.invoke0(Native Method)\r\n\tat java.base/jdk.internal.reflect.NativeMethodAccessorImpl.invoke(NativeMethodAccessorImpl.java:77)\r\n\tat java.base/jdk.internal.reflect.DelegatingMethodAccessorImpl.invoke(DelegatingMethodAccessorImpl.java:43)\r\n\tat java.base/java.lang.reflect.Method.invoke(Method.java:568)\r\n\tat org.testng.internal.invokers.MethodInvocationHelper.invokeMethod(MethodInvocationHelper.java:141)\r\n\tat org.testng.internal.invokers.TestInvoker.invokeMethod(TestInvoker.java:687)\r\n\tat org.testng.internal.invokers.TestInvoker.invokeTestMethod(TestInvoker.java:230)\r\n\tat org.testng.internal.invokers.MethodRunner.runInSequence(MethodRunner.java:63)\r\n\tat org.testng.internal.invokers.TestInvoker$MethodInvocationAgent.invoke(TestInvoker.java:995)\r\n\tat org.testng.internal.invokers.TestInvoker.invokeTestMethods(TestInvoker.java:203)\r\n\tat org.testng.internal.invokers.TestMethodWorker.invokeTestMethods(TestMethodWorker.java:154)\r\n\tat org.testng.internal.invokers.TestMethodWorker.run(TestMethodWorker.java:134)\r\n\tat java.base/java.util.ArrayList.forEach(ArrayList.java:1511)\r\n\tat org.testng.TestRunner.privateRun(TestRunner.java:741)\r\n\tat org.testng.TestRunner.run(TestRunner.java:616)\r\n\tat org.testng.SuiteRunner.runTest(SuiteRunner.java:421)\r\n\tat org.testng.SuiteRunner.runSequentially(SuiteRunner.java:413)\r\n\tat org.testng.SuiteRunner.privateRun(SuiteRunner.java:373)\r\n\tat org.testng.SuiteRunner.run(SuiteRunner.java:312)\r\n\tat org.testng.SuiteRunnerWorker.runSuite(SuiteRunnerWorker.java:52)\r\n\tat org.testng.SuiteRunnerWorker.run(SuiteRunnerWorker.java:95)\r\n\tat org.testng.TestNG.runSuitesSequentially(TestNG.java:1274)\r\n\tat org.testng.TestNG.runSuitesLocally(TestNG.java:1208)\r\n\tat org.testng.TestNG.runSuites(TestNG.java:1112)\r\n\tat org.testng.TestNG.run(TestNG.java:1079)\r\n\tat org.testng.remote.AbstractRemoteTestNG.run(AbstractRemoteTestNG.java:115)\r\n\tat org.testng.remote.RemoteTestNG.initAndRun(RemoteTestNG.java:293)\r\n\tat org.testng.remote.RemoteTestNG.main(RemoteTestNG.java:91)\r\n","steps":[{"name":"User has been clicked successfully in Generate a new Report button!","time":{"start":1764837712750,"stop":1764837712750,"duration":0},"status":"passed","steps":[],"attachments":[],"parameters":[{"name":"message","value":"User has been clicked successfully in Generate a new Report button!"}],"hasContent":true,"attachmentStep":false,"stepsCount":0,"attachmentsCount":0,"shouldDisplayMessage":false},{"name":"User has been clicked successfully in Commercial Properties Sector!","time":{"start":1764837713122,"stop":1764837713123,"duration":1},"status":"passed","steps":[],"attachments":[],"parameters":[{"name":"message","value":"User has been clicked successfully in Commercial Properties Sector!"}],"hasContent":true,"attachmentStep":false,"stepsCount":0,"attachmentsCount":0,"shouldDisplayMessage":false}],"attachments":[],"parameters":[],"hasContent":true,"attachmentStep":false,"stepsCount":2,"attachmentsCount":0,"shouldDisplayMessage":true},"afterStages":[{"name":"amConfig","time":{"start":1764837784070,"stop":1764837786777,"duration":2707},"description":"","status":"passed","steps":[],"attachments":[],"parameters":[],"hasContent":false,"attachmentStep":false,"stepsCount":0,"attachmentsCount":0,"shouldDisplayMessage":false},{"name":"acConfig","time":{"start":1764838801301,"stop":1764838803019,"duration":1718},"description":"","status":"passed","steps":[],"attachments":[{"uid":"2b9da8465f75daf3","name":"Console Logs","source":"2b9da8465f75daf3.txt","type":"text/plain","size":32215}],"parameters":[],"hasContent":true,"attachmentStep":false,"stepsCount":0,"attachmentsCount":1,"shouldDisplayMessage":false}],"labels":[{"name":"package","value":"markets.RetailSectorTest"},{"name":"testClass","value":"markets.RetailSectorTest"},{"name":"testMethod","value":"checkAverageValuesInRentMallWise_7046Test"},{"name":"parentSuite","value":"Retail sector failed test cases Suite"},{"name":"suite","value":"Test"},{"name":"subSuite","value":"markets.RetailSectorTest"},{"name":"host","value":"DESKTOP-EUVMRJA"},{"name":"thread","value":"11516@DESKTOP-EUVMRJA.main(1)"},{"name":"framework","value":"testng"},{"name":"language","value":"java"},{"name":"resultFormat","value":"allure2"}],"parameters":[],"links":[],"hidden":false,"retry":false,"extra":{"severity":"normal","retries":[],"categories":[{"name":"Test defects","matchedStatuses":[],"flaky":false}],"tags":[]},"source":"3855ef15bc5987e0.json","parameterValues":[]}