{"uid":"a7f0ea6ccd8646d","name":"verifyResetPasswordFxnlities","fullName":"markets.ForgotPasswordPageTest.verifyResetPasswordFxnlities","historyId":"a98d88919a446ab0f001ad64df4a8d56","time":{"start":1764847782999,"stop":1764847789614,"duration":6615},"status":"broken","statusMessage":"Cannot invoke \"org.apache.poi.ss.usermodel.Row.getCell(int)\" because the return value of \"org.apache.poi.ss.usermodel.Sheet.getRow(int)\" is null","statusTrace":"java.lang.NullPointerException: Cannot invoke \"org.apache.poi.ss.usermodel.Row.getCell(int)\" because the return value of \"org.apache.poi.ss.usermodel.Sheet.getRow(int)\" is null\r\n\tat genericUtility_Markets.MARKETS_ExcelFileUtility.readDataFromExcel(MARKETS_ExcelFileUtility.java:62)\r\n\tat objectRepository_Markets.Markets_ForgotPasswordPage.verifyResetPasswordFxnties(Markets_ForgotPasswordPage.java:473)\r\n\tat markets.ForgotPasswordPageTest.verifyResetPasswordFxnlities(ForgotPasswordPageTest.java:64)\r\n\tat java.base/jdk.internal.reflect.NativeMethodAccessorImpl.invoke0(Native Method)\r\n\tat java.base/jdk.internal.reflect.NativeMethodAccessorImpl.invoke(NativeMethodAccessorImpl.java:77)\r\n\tat java.base/jdk.internal.reflect.DelegatingMethodAccessorImpl.invoke(DelegatingMethodAccessorImpl.java:43)\r\n\tat java.base/java.lang.reflect.Method.invoke(Method.java:568)\r\n\tat org.testng.internal.invokers.MethodInvocationHelper.invokeMethod(MethodInvocationHelper.java:141)\r\n\tat org.testng.internal.invokers.TestInvoker.invokeMethod(TestInvoker.java:687)\r\n\tat org.testng.internal.invokers.TestInvoker.invokeTestMethod(TestInvoker.java:230)\r\n\tat org.testng.internal.invokers.MethodRunner.runInSequence(MethodRunner.java:63)\r\n\tat org.testng.internal.invokers.TestInvoker$MethodInvocationAgent.invoke(TestInvoker.java:995)\r\n\tat org.testng.internal.invokers.TestInvoker.invokeTestMethods(TestInvoker.java:203)\r\n\tat org.testng.internal.invokers.TestMethodWorker.invokeTestMethods(TestMethodWorker.java:154)\r\n\tat org.testng.internal.invokers.TestMethodWorker.run(TestMethodWorker.java:134)\r\n\tat java.base/java.util.ArrayList.forEach(ArrayList.java:1511)\r\n\tat org.testng.TestRunner.privateRun(TestRunner.java:741)\r\n\tat org.testng.TestRunner.run(TestRunner.java:616)\r\n\tat org.testng.SuiteRunner.runTest(SuiteRunner.java:421)\r\n\tat org.testng.SuiteRunner.runSequentially(SuiteRunner.java:413)\r\n\tat org.testng.SuiteRunner.privateRun(SuiteRunner.java:373)\r\n\tat org.testng.SuiteRunner.run(SuiteRunner.java:312)\r\n\tat org.testng.SuiteRunnerWorker.runSuite(SuiteRunnerWorker.java:52)\r\n\tat org.testng.SuiteRunnerWorker.run(SuiteRunnerWorker.java:95)\r\n\tat org.testng.TestNG.runSuitesSequentially(TestNG.java:1274)\r\n\tat org.testng.TestNG.runSuitesLocally(TestNG.java:1208)\r\n\tat org.testng.TestNG.runSuites(TestNG.java:1112)\r\n\tat org.testng.TestNG.run(TestNG.java:1079)\r\n\tat org.testng.remote.AbstractRemoteTestNG.run(AbstractRemoteTestNG.java:115)\r\n\tat org.testng.remote.RemoteTestNG.initAndRun(RemoteTestNG.java:293)\r\n\tat org.testng.remote.RemoteTestNG.main(RemoteTestNG.java:91)\r\n","flaky":false,"newFailed":false,"newBroken":false,"newPassed":false,"retriesCount":0,"retriesStatusChange":false,"beforeStages":[{"name":"bcConfig","time":{"start":1764847686732,"stop":1764847696611,"duration":9879},"description":"","status":"passed","steps":[],"attachments":[],"parameters":[],"hasContent":false,"attachmentStep":false,"stepsCount":0,"attachmentsCount":0,"shouldDisplayMessage":false},{"name":"bmConfig","time":{"start":1764847777096,"stop":1764847782897,"duration":5801},"description":"","status":"passed","steps":[],"attachments":[],"parameters":[],"hasContent":false,"attachmentStep":false,"stepsCount":0,"attachmentsCount":0,"shouldDisplayMessage":false}],"testStage":{"status":"broken","statusMessage":"Cannot invoke \"org.apache.poi.ss.usermodel.Row.getCell(int)\" because the return value of \"org.apache.poi.ss.usermodel.Sheet.getRow(int)\" is null","statusTrace":"java.lang.NullPointerException: Cannot invoke \"org.apache.poi.ss.usermodel.Row.getCell(int)\" because the return value of \"org.apache.poi.ss.usermodel.Sheet.getRow(int)\" is null\r\n\tat genericUtility_Markets.MARKETS_ExcelFileUtility.readDataFromExcel(MARKETS_ExcelFileUtility.java:62)\r\n\tat objectRepository_Markets.Markets_ForgotPasswordPage.verifyResetPasswordFxnties(Markets_ForgotPasswordPage.java:473)\r\n\tat markets.ForgotPasswordPageTest.verifyResetPasswordFxnlities(ForgotPasswordPageTest.java:64)\r\n\tat java.base/jdk.internal.reflect.NativeMethodAccessorImpl.invoke0(Native Method)\r\n\tat java.base/jdk.internal.reflect.NativeMethodAccessorImpl.invoke(NativeMethodAccessorImpl.java:77)\r\n\tat java.base/jdk.internal.reflect.DelegatingMethodAccessorImpl.invoke(DelegatingMethodAccessorImpl.java:43)\r\n\tat java.base/java.lang.reflect.Method.invoke(Method.java:568)\r\n\tat org.testng.internal.invokers.MethodInvocationHelper.invokeMethod(MethodInvocationHelper.java:141)\r\n\tat org.testng.internal.invokers.TestInvoker.invokeMethod(TestInvoker.java:687)\r\n\tat org.testng.internal.invokers.TestInvoker.invokeTestMethod(TestInvoker.java:230)\r\n\tat org.testng.internal.invokers.MethodRunner.runInSequence(MethodRunner.java:63)\r\n\tat org.testng.internal.invokers.TestInvoker$MethodInvocationAgent.invoke(TestInvoker.java:995)\r\n\tat org.testng.internal.invokers.TestInvoker.invokeTestMethods(TestInvoker.java:203)\r\n\tat org.testng.internal.invokers.TestMethodWorker.invokeTestMethods(TestMethodWorker.java:154)\r\n\tat org.testng.internal.invokers.TestMethodWorker.run(TestMethodWorker.java:134)\r\n\tat java.base/java.util.ArrayList.forEach(ArrayList.java:1511)\r\n\tat org.testng.TestRunner.privateRun(TestRunner.java:741)\r\n\tat org.testng.TestRunner.run(TestRunner.java:616)\r\n\tat org.testng.SuiteRunner.runTest(SuiteRunner.java:421)\r\n\tat org.testng.SuiteRunner.runSequentially(SuiteRunner.java:413)\r\n\tat org.testng.SuiteRunner.privateRun(SuiteRunner.java:373)\r\n\tat org.testng.SuiteRunner.run(SuiteRunner.java:312)\r\n\tat org.testng.SuiteRunnerWorker.runSuite(SuiteRunnerWorker.java:52)\r\n\tat org.testng.SuiteRunnerWorker.run(SuiteRunnerWorker.java:95)\r\n\tat org.testng.TestNG.runSuitesSequentially(TestNG.java:1274)\r\n\tat org.testng.TestNG.runSuitesLocally(TestNG.java:1208)\r\n\tat org.testng.TestNG.runSuites(TestNG.java:1112)\r\n\tat org.testng.TestNG.run(TestNG.java:1079)\r\n\tat org.testng.remote.AbstractRemoteTestNG.run(AbstractRemoteTestNG.java:115)\r\n\tat org.testng.remote.RemoteTestNG.initAndRun(RemoteTestNG.java:293)\r\n\tat org.testng.remote.RemoteTestNG.main(RemoteTestNG.java:91)\r\n","steps":[{"name":"User has been clicked successfully on Forgot Password button!","time":{"start":1764847789517,"stop":1764847789518,"duration":1},"status":"passed","steps":[],"attachments":[],"parameters":[{"name":"message","value":"User has been clicked successfully on Forgot Password button!"}],"hasContent":true,"attachmentStep":false,"stepsCount":0,"attachmentsCount":0,"shouldDisplayMessage":false},{"name":"Fill in the mandatory fields to reset your password from the Forgot Password module","time":{"start":1764847789532,"stop":1764847789613,"duration":81},"status":"broken","statusMessage":"Cannot invoke \"org.apache.poi.ss.usermodel.Row.getCell(int)\" because the return value of \"org.apache.poi.ss.usermodel.Sheet.getRow(int)\" is null","statusTrace":"java.lang.NullPointerException: Cannot invoke \"org.apache.poi.ss.usermodel.Row.getCell(int)\" because the return value of \"org.apache.poi.ss.usermodel.Sheet.getRow(int)\" is null\r\n\tat genericUtility_Markets.MARKETS_ExcelFileUtility.readDataFromExcel(MARKETS_ExcelFileUtility.java:62)\r\n\tat objectRepository_Markets.Markets_ForgotPasswordPage.verifyResetPasswordFxnties(Markets_ForgotPasswordPage.java:473)\r\n\tat markets.ForgotPasswordPageTest.verifyResetPasswordFxnlities(ForgotPasswordPageTest.java:64)\r\n\tat java.base/jdk.internal.reflect.NativeMethodAccessorImpl.invoke0(Native Method)\r\n\tat java.base/jdk.internal.reflect.NativeMethodAccessorImpl.invoke(NativeMethodAccessorImpl.java:77)\r\n\tat java.base/jdk.internal.reflect.DelegatingMethodAccessorImpl.invoke(DelegatingMethodAccessorImpl.java:43)\r\n\tat java.base/java.lang.reflect.Method.invoke(Method.java:568)\r\n\tat org.testng.internal.invokers.MethodInvocationHelper.invokeMethod(MethodInvocationHelper.java:141)\r\n\tat org.testng.internal.invokers.TestInvoker.invokeMethod(TestInvoker.java:687)\r\n\tat org.testng.internal.invokers.TestInvoker.invokeTestMethod(TestInvoker.java:230)\r\n\tat org.testng.internal.invokers.MethodRunner.runInSequence(MethodRunner.java:63)\r\n\tat org.testng.internal.invokers.TestInvoker$MethodInvocationAgent.invoke(TestInvoker.java:995)\r\n\tat org.testng.internal.invokers.TestInvoker.invokeTestMethods(TestInvoker.java:203)\r\n\tat org.testng.internal.invokers.TestMethodWorker.invokeTestMethods(TestMethodWorker.java:154)\r\n\tat org.testng.internal.invokers.TestMethodWorker.run(TestMethodWorker.java:134)\r\n\tat java.base/java.util.ArrayList.forEach(ArrayList.java:1511)\r\n\tat org.testng.TestRunner.privateRun(TestRunner.java:741)\r\n\tat org.testng.TestRunner.run(TestRunner.java:616)\r\n\tat org.testng.SuiteRunner.runTest(SuiteRunner.java:421)\r\n\tat org.testng.SuiteRunner.runSequentially(SuiteRunner.java:413)\r\n\tat org.testng.SuiteRunner.privateRun(SuiteRunner.java:373)\r\n\tat org.testng.SuiteRunner.run(SuiteRunner.java:312)\r\n\tat org.testng.SuiteRunnerWorker.runSuite(SuiteRunnerWorker.java:52)\r\n\tat org.testng.SuiteRunnerWorker.run(SuiteRunnerWorker.java:95)\r\n\tat org.testng.TestNG.runSuitesSequentially(TestNG.java:1274)\r\n\tat org.testng.TestNG.runSuitesLocally(TestNG.java:1208)\r\n\tat org.testng.TestNG.runSuites(TestNG.java:1112)\r\n\tat org.testng.TestNG.run(TestNG.java:1079)\r\n\tat org.testng.remote.AbstractRemoteTestNG.run(AbstractRemoteTestNG.java:115)\r\n\tat org.testng.remote.RemoteTestNG.initAndRun(RemoteTestNG.java:293)\r\n\tat org.testng.remote.RemoteTestNG.main(RemoteTestNG.java:91)\r\n","steps":[],"attachments":[],"parameters":[{"name":"driver","value":"FirefoxDriver: firefox on windows (26ce06c8-cb46-4ab4-aa38-be911f830839)"},{"name":"sheetName","value":"Forgot Password"},{"name":"add","value":"1"}],"hasContent":true,"attachmentStep":false,"stepsCount":0,"attachmentsCount":0,"shouldDisplayMessage":true}],"attachments":[],"parameters":[],"hasContent":true,"attachmentStep":false,"stepsCount":2,"attachmentsCount":0,"shouldDisplayMessage":false},"afterStages":[{"name":"amConfig","time":{"start":1764847790229,"stop":1764847801233,"duration":11004},"description":"","status":"passed","steps":[],"attachments":[],"parameters":[],"hasContent":false,"attachmentStep":false,"stepsCount":0,"attachmentsCount":0,"shouldDisplayMessage":false},{"name":"acConfig","time":{"start":1764847930759,"stop":1764847931711,"duration":952},"description":"","status":"passed","steps":[],"attachments":[{"uid":"92600daab24d05a2","name":"Console Logs","source":"92600daab24d05a2.txt","type":"text/plain","size":116128}],"parameters":[],"hasContent":true,"attachmentStep":false,"stepsCount":0,"attachmentsCount":1,"shouldDisplayMessage":false}],"labels":[{"name":"package","value":"markets.ForgotPasswordPageTest"},{"name":"testClass","value":"markets.ForgotPasswordPageTest"},{"name":"testMethod","value":"verifyResetPasswordFxnlities"},{"name":"parentSuite","value":"Retail sector failed test cases Suite"},{"name":"suite","value":"Test"},{"name":"subSuite","value":"markets.ForgotPasswordPageTest"},{"name":"host","value":"DESKTOP-EUVMRJA"},{"name":"thread","value":"11516@DESKTOP-EUVMRJA.main(1)"},{"name":"framework","value":"testng"},{"name":"language","value":"java"},{"name":"resultFormat","value":"allure2"}],"parameters":[],"links":[],"hidden":false,"retry":false,"extra":{"severity":"normal","retries":[],"categories":[{"name":"Test defects","matchedStatuses":[],"flaky":false}],"tags":[]},"source":"a7f0ea6ccd8646d.json","parameterValues":[]}