{"uid":"448cb8633c51698","name":"verifyTextsInForgotPasswordPageMKT_I72","fullName":"markets.ForgotPasswordPageTest.verifyTextsInForgotPasswordPageMKT_I72","historyId":"b3a8516a1177835bf0617d5655aa232b","time":{"start":1764751056382,"stop":1764751070945,"duration":14563},"status":"broken","statusMessage":"Cannot invoke \"org.apache.poi.ss.usermodel.Row.getCell(int)\" because the return value of \"org.apache.poi.ss.usermodel.Sheet.getRow(int)\" is null","statusTrace":"java.lang.NullPointerException: Cannot invoke \"org.apache.poi.ss.usermodel.Row.getCell(int)\" because the return value of \"org.apache.poi.ss.usermodel.Sheet.getRow(int)\" is null\r\n\tat genericUtility_Markets.MARKETS_ExcelFileUtility.readDataFromExcel(MARKETS_ExcelFileUtility.java:62)\r\n\tat objectRepository_Markets.Markets_ForgotPasswordPage.verifyOTPFxnlity(Markets_ForgotPasswordPage.java:412)\r\n\tat objectRepository_Markets.Markets_ForgotPasswordPage.isTextDisplayInForgotPage(Markets_ForgotPasswordPage.java:356)\r\n\tat objectRepository_Markets.Markets_ForgotPasswordPage.verifySignUpPageTexts(Markets_ForgotPasswordPage.java:397)\r\n\tat markets.ForgotPasswordPageTest.verifyTextsInForgotPasswordPageMKT_I72(ForgotPasswordPageTest.java:82)\r\n\tat java.base/jdk.internal.reflect.NativeMethodAccessorImpl.invoke0(Native Method)\r\n\tat java.base/jdk.internal.reflect.NativeMethodAccessorImpl.invoke(NativeMethodAccessorImpl.java:77)\r\n\tat java.base/jdk.internal.reflect.DelegatingMethodAccessorImpl.invoke(DelegatingMethodAccessorImpl.java:43)\r\n\tat java.base/java.lang.reflect.Method.invoke(Method.java:568)\r\n\tat org.testng.internal.invokers.MethodInvocationHelper.invokeMethod(MethodInvocationHelper.java:141)\r\n\tat org.testng.internal.invokers.TestInvoker.invokeMethod(TestInvoker.java:687)\r\n\tat org.testng.internal.invokers.TestInvoker.invokeTestMethod(TestInvoker.java:230)\r\n\tat org.testng.internal.invokers.MethodRunner.runInSequence(MethodRunner.java:63)\r\n\tat org.testng.internal.invokers.TestInvoker$MethodInvocationAgent.invoke(TestInvoker.java:995)\r\n\tat org.testng.internal.invokers.TestInvoker.invokeTestMethods(TestInvoker.java:203)\r\n\tat org.testng.internal.invokers.TestMethodWorker.invokeTestMethods(TestMethodWorker.java:154)\r\n\tat org.testng.internal.invokers.TestMethodWorker.run(TestMethodWorker.java:134)\r\n\tat java.base/java.util.ArrayList.forEach(ArrayList.java:1511)\r\n\tat org.testng.TestRunner.privateRun(TestRunner.java:741)\r\n\tat org.testng.TestRunner.run(TestRunner.java:616)\r\n\tat org.testng.SuiteRunner.runTest(SuiteRunner.java:421)\r\n\tat org.testng.SuiteRunner.runSequentially(SuiteRunner.java:413)\r\n\tat org.testng.SuiteRunner.privateRun(SuiteRunner.java:373)\r\n\tat org.testng.SuiteRunner.run(SuiteRunner.java:312)\r\n\tat org.testng.SuiteRunnerWorker.runSuite(SuiteRunnerWorker.java:52)\r\n\tat org.testng.SuiteRunnerWorker.run(SuiteRunnerWorker.java:95)\r\n\tat org.testng.TestNG.runSuitesSequentially(TestNG.java:1274)\r\n\tat org.testng.TestNG.runSuitesLocally(TestNG.java:1208)\r\n\tat org.testng.TestNG.runSuites(TestNG.java:1112)\r\n\tat org.testng.TestNG.run(TestNG.java:1079)\r\n\tat org.testng.remote.AbstractRemoteTestNG.run(AbstractRemoteTestNG.java:115)\r\n\tat org.testng.remote.RemoteTestNG.initAndRun(RemoteTestNG.java:293)\r\n\tat org.testng.remote.RemoteTestNG.main(RemoteTestNG.java:91)\r\n","flaky":false,"newFailed":false,"newBroken":false,"newPassed":false,"retriesCount":0,"retriesStatusChange":false,"beforeStages":[{"name":"bmConfig","time":{"start":1764751051241,"stop":1764751056310,"duration":5069},"description":"","status":"passed","steps":[],"attachments":[],"parameters":[],"shouldDisplayMessage":false,"attachmentsCount":0,"stepsCount":0,"attachmentStep":false,"hasContent":false}],"testStage":{"status":"broken","statusMessage":"Cannot invoke \"org.apache.poi.ss.usermodel.Row.getCell(int)\" because the return value of \"org.apache.poi.ss.usermodel.Sheet.getRow(int)\" is null","statusTrace":"java.lang.NullPointerException: Cannot invoke \"org.apache.poi.ss.usermodel.Row.getCell(int)\" because the return value of \"org.apache.poi.ss.usermodel.Sheet.getRow(int)\" is null\r\n\tat genericUtility_Markets.MARKETS_ExcelFileUtility.readDataFromExcel(MARKETS_ExcelFileUtility.java:62)\r\n\tat objectRepository_Markets.Markets_ForgotPasswordPage.verifyOTPFxnlity(Markets_ForgotPasswordPage.java:412)\r\n\tat objectRepository_Markets.Markets_ForgotPasswordPage.isTextDisplayInForgotPage(Markets_ForgotPasswordPage.java:356)\r\n\tat objectRepository_Markets.Markets_ForgotPasswordPage.verifySignUpPageTexts(Markets_ForgotPasswordPage.java:397)\r\n\tat markets.ForgotPasswordPageTest.verifyTextsInForgotPasswordPageMKT_I72(ForgotPasswordPageTest.java:82)\r\n\tat java.base/jdk.internal.reflect.NativeMethodAccessorImpl.invoke0(Native Method)\r\n\tat java.base/jdk.internal.reflect.NativeMethodAccessorImpl.invoke(NativeMethodAccessorImpl.java:77)\r\n\tat java.base/jdk.internal.reflect.DelegatingMethodAccessorImpl.invoke(DelegatingMethodAccessorImpl.java:43)\r\n\tat java.base/java.lang.reflect.Method.invoke(Method.java:568)\r\n\tat org.testng.internal.invokers.MethodInvocationHelper.invokeMethod(MethodInvocationHelper.java:141)\r\n\tat org.testng.internal.invokers.TestInvoker.invokeMethod(TestInvoker.java:687)\r\n\tat org.testng.internal.invokers.TestInvoker.invokeTestMethod(TestInvoker.java:230)\r\n\tat org.testng.internal.invokers.MethodRunner.runInSequence(MethodRunner.java:63)\r\n\tat org.testng.internal.invokers.TestInvoker$MethodInvocationAgent.invoke(TestInvoker.java:995)\r\n\tat org.testng.internal.invokers.TestInvoker.invokeTestMethods(TestInvoker.java:203)\r\n\tat org.testng.internal.invokers.TestMethodWorker.invokeTestMethods(TestMethodWorker.java:154)\r\n\tat org.testng.internal.invokers.TestMethodWorker.run(TestMethodWorker.java:134)\r\n\tat java.base/java.util.ArrayList.forEach(ArrayList.java:1511)\r\n\tat org.testng.TestRunner.privateRun(TestRunner.java:741)\r\n\tat org.testng.TestRunner.run(TestRunner.java:616)\r\n\tat org.testng.SuiteRunner.runTest(SuiteRunner.java:421)\r\n\tat org.testng.SuiteRunner.runSequentially(SuiteRunner.java:413)\r\n\tat org.testng.SuiteRunner.privateRun(SuiteRunner.java:373)\r\n\tat org.testng.SuiteRunner.run(SuiteRunner.java:312)\r\n\tat org.testng.SuiteRunnerWorker.runSuite(SuiteRunnerWorker.java:52)\r\n\tat org.testng.SuiteRunnerWorker.run(SuiteRunnerWorker.java:95)\r\n\tat org.testng.TestNG.runSuitesSequentially(TestNG.java:1274)\r\n\tat org.testng.TestNG.runSuitesLocally(TestNG.java:1208)\r\n\tat org.testng.TestNG.runSuites(TestNG.java:1112)\r\n\tat org.testng.TestNG.run(TestNG.java:1079)\r\n\tat org.testng.remote.AbstractRemoteTestNG.run(AbstractRemoteTestNG.java:115)\r\n\tat org.testng.remote.RemoteTestNG.initAndRun(RemoteTestNG.java:293)\r\n\tat org.testng.remote.RemoteTestNG.main(RemoteTestNG.java:91)\r\n","steps":[{"name":"User has been clicked successfully on Forgot Password button!","time":{"start":1764751059932,"stop":1764751059932,"duration":0},"status":"passed","steps":[],"attachments":[],"parameters":[{"name":"message","value":"User has been clicked successfully on Forgot Password button!"}],"shouldDisplayMessage":false,"attachmentsCount":0,"stepsCount":0,"attachmentStep":false,"hasContent":true},{"name":"\n-------------- start row 1 --------------------","time":{"start":1764751059976,"stop":1764751059976,"duration":0},"status":"passed","steps":[],"attachments":[],"parameters":[{"name":"message","value":"\n-------------- start row 1 --------------------"}],"shouldDisplayMessage":false,"attachmentsCount":0,"stepsCount":0,"attachmentStep":false,"hasContent":true},{"name":"--------------Forgot Password text is visible--------------------","time":{"start":1764751060279,"stop":1764751060279,"duration":0},"status":"passed","steps":[],"attachments":[],"parameters":[{"name":"message","value":"--------------Forgot Password text is visible--------------------"}],"shouldDisplayMessage":false,"attachmentsCount":0,"stepsCount":0,"attachmentStep":false,"hasContent":true},{"name":"Forgot passowrd page is displaying these contents:- Forgot Password","time":{"start":1764751060305,"stop":1764751060305,"duration":0},"status":"passed","steps":[],"attachments":[],"parameters":[{"name":"message","value":"Forgot passowrd page is displaying these contents:- Forgot Password"}],"shouldDisplayMessage":false,"attachmentsCount":0,"stepsCount":0,"attachmentStep":false,"hasContent":true},{"name":"\n-------------- start row 2 --------------------","time":{"start":1764751060305,"stop":1764751060305,"duration":0},"status":"passed","steps":[],"attachments":[],"parameters":[{"name":"message","value":"\n-------------- start row 2 --------------------"}],"shouldDisplayMessage":false,"attachmentsCount":0,"stepsCount":0,"attachmentStep":false,"hasContent":true},{"name":"--------------Enter the email address associated with your Estater account text is visible--------------------","time":{"start":1764751060592,"stop":1764751060592,"duration":0},"status":"passed","steps":[],"attachments":[],"parameters":[{"name":"message","value":"--------------Enter the email address associated with your Estater account text is visible--------------------"}],"shouldDisplayMessage":false,"attachmentsCount":0,"stepsCount":0,"attachmentStep":false,"hasContent":true},{"name":"Forgot passowrd page is displaying these contents:- Enter the email address associated with your Estater account","time":{"start":1764751060645,"stop":1764751060645,"duration":0},"status":"passed","steps":[],"attachments":[],"parameters":[{"name":"message","value":"Forgot passowrd page is displaying these contents:- Enter the email address associated with your Estater account"}],"shouldDisplayMessage":false,"attachmentsCount":0,"stepsCount":0,"attachmentStep":false,"hasContent":true},{"name":"\n-------------- start row 3 --------------------","time":{"start":1764751060645,"stop":1764751060645,"duration":0},"status":"passed","steps":[],"attachments":[],"parameters":[{"name":"message","value":"\n-------------- start row 3 --------------------"}],"shouldDisplayMessage":false,"attachmentsCount":0,"stepsCount":0,"attachmentStep":false,"hasContent":true},{"name":"-------------- Get Verification Code button is visible--------------------","time":{"start":1764751060822,"stop":1764751060822,"duration":0},"status":"passed","steps":[],"attachments":[],"parameters":[{"name":"message","value":"-------------- Get Verification Code button is visible--------------------"}],"shouldDisplayMessage":false,"attachmentsCount":0,"stepsCount":0,"attachmentStep":false,"hasContent":true},{"name":"Forgot passowrd page is displaying these contents:- Get Verification Code","time":{"start":1764751060848,"stop":1764751060848,"duration":0},"status":"passed","steps":[],"attachments":[],"parameters":[{"name":"message","value":"Forgot passowrd page is displaying these contents:- Get Verification Code"}],"shouldDisplayMessage":false,"attachmentsCount":0,"stepsCount":0,"attachmentStep":false,"hasContent":true},{"name":"\n-------------- start row 4 --------------------","time":{"start":1764751060848,"stop":1764751060848,"duration":0},"status":"passed","steps":[],"attachments":[],"parameters":[{"name":"message","value":"\n-------------- start row 4 --------------------"}],"shouldDisplayMessage":false,"attachmentsCount":0,"stepsCount":0,"attachmentStep":false,"hasContent":true},{"name":"--------------Forgot your email address? Text is visible--------------------","time":{"start":1764751061163,"stop":1764751061163,"duration":0},"status":"passed","steps":[],"attachments":[],"parameters":[{"name":"message","value":"--------------Forgot your email address? Text is visible--------------------"}],"shouldDisplayMessage":false,"attachmentsCount":0,"stepsCount":0,"attachmentStep":false,"hasContent":true},{"name":"Forgot passowrd page is displaying these contents:- Forgot your email address?","time":{"start":1764751061188,"stop":1764751061188,"duration":0},"status":"passed","steps":[],"attachments":[],"parameters":[{"name":"message","value":"Forgot passowrd page is displaying these contents:- Forgot your email address?"}],"shouldDisplayMessage":false,"attachmentsCount":0,"stepsCount":0,"attachmentStep":false,"hasContent":true},{"name":"\n-------------- start row 5 --------------------","time":{"start":1764751061188,"stop":1764751061188,"duration":0},"status":"passed","steps":[],"attachments":[],"parameters":[{"name":"message","value":"\n-------------- start row 5 --------------------"}],"shouldDisplayMessage":false,"attachmentsCount":0,"stepsCount":0,"attachmentStep":false,"hasContent":true},{"name":"--------------Using a new email? Let our customer service help you get back into your Estater account. Text is visible.--------------------","time":{"start":1764751061422,"stop":1764751061422,"duration":0},"status":"passed","steps":[],"attachments":[],"parameters":[{"name":"message","value":"--------------Using a new email? Let our customer service help you get back into your Estater account. Text is visible.--------------------"}],"shouldDisplayMessage":false,"attachmentsCount":0,"stepsCount":0,"attachmentStep":false,"hasContent":true},{"name":"Forgot passowrd page is displaying these contents:- Using a new email? Let our customer service help you get back into your Estater account.","time":{"start":1764751061487,"stop":1764751061487,"duration":0},"status":"passed","steps":[],"attachments":[],"parameters":[{"name":"message","value":"Forgot passowrd page is displaying these contents:- Using a new email? Let our customer service help you get back into your Estater account."}],"shouldDisplayMessage":false,"attachmentsCount":0,"stepsCount":0,"attachmentStep":false,"hasContent":true},{"name":"\n-------------- start row 6 --------------------","time":{"start":1764751061487,"stop":1764751061487,"duration":0},"status":"passed","steps":[],"attachments":[],"parameters":[{"name":"message","value":"\n-------------- start row 6 --------------------"}],"shouldDisplayMessage":false,"attachmentsCount":0,"stepsCount":0,"attachmentStep":false,"hasContent":true},{"name":"--------------Reset Password text is visible--------------------","time":{"start":1764751061698,"stop":1764751061698,"duration":0},"status":"passed","steps":[],"attachments":[],"parameters":[{"name":"message","value":"--------------Reset Password text is visible--------------------"}],"shouldDisplayMessage":false,"attachmentsCount":0,"stepsCount":0,"attachmentStep":false,"hasContent":true},{"name":"User has been entered email address: - Ravi.mewada@estater.com","time":{"start":1764751061756,"stop":1764751061756,"duration":0},"status":"passed","steps":[],"attachments":[],"parameters":[{"name":"message","value":"User has been entered email address: - Ravi.mewada@estater.com"}],"shouldDisplayMessage":false,"attachmentsCount":0,"stepsCount":0,"attachmentStep":false,"hasContent":true},{"name":"User has been clicked successfully on Send OTP Btn!","time":{"start":1764751061843,"stop":1764751061843,"duration":0},"status":"passed","steps":[],"attachments":[],"parameters":[{"name":"message","value":"User has been clicked successfully on Send OTP Btn!"}],"shouldDisplayMessage":false,"attachmentsCount":0,"stepsCount":0,"attachmentStep":false,"hasContent":true},{"name":"Forgot passowrd page is displaying these contents:- Reset Password","time":{"start":1764751061914,"stop":1764751061914,"duration":0},"status":"passed","steps":[],"attachments":[],"parameters":[{"name":"message","value":"Forgot passowrd page is displaying these contents:- Reset Password"}],"shouldDisplayMessage":false,"attachmentsCount":0,"stepsCount":0,"attachmentStep":false,"hasContent":true},{"name":"\n-------------- start row 7 --------------------","time":{"start":1764751061914,"stop":1764751061914,"duration":0},"status":"passed","steps":[],"attachments":[],"parameters":[{"name":"message","value":"\n-------------- start row 7 --------------------"}],"shouldDisplayMessage":false,"attachmentsCount":0,"stepsCount":0,"attachmentStep":false,"hasContent":true},{"name":"--------------Write below OTP code that has been sent to Ravi.mewada@estater.com text is visible--------------------","time":{"start":1764751062198,"stop":1764751062198,"duration":0},"status":"passed","steps":[],"attachments":[],"parameters":[{"name":"message","value":"--------------Write below OTP code that has been sent to Ravi.mewada@estater.com text is visible--------------------"}],"shouldDisplayMessage":false,"attachmentsCount":0,"stepsCount":0,"attachmentStep":false,"hasContent":true},{"name":"Forgot passowrd page is displaying these contents:- Write below OTP code that has been sent to Ravi.mewada@estater.com","time":{"start":1764751062274,"stop":1764751062274,"duration":0},"status":"passed","steps":[],"attachments":[],"parameters":[{"name":"message","value":"Forgot passowrd page is displaying these contents:- Write below OTP code that has been sent to Ravi.mewada@estater.com"}],"shouldDisplayMessage":false,"attachmentsCount":0,"stepsCount":0,"attachmentStep":false,"hasContent":true},{"name":"\n-------------- start row 8 --------------------","time":{"start":1764751062274,"stop":1764751062274,"duration":0},"status":"passed","steps":[],"attachments":[],"parameters":[{"name":"message","value":"\n-------------- start row 8 --------------------"}],"shouldDisplayMessage":false,"attachmentsCount":0,"stepsCount":0,"attachmentStep":false,"hasContent":true},{"name":"--------------Verify text is visible--------------------","time":{"start":1764751062508,"stop":1764751062508,"duration":0},"status":"passed","steps":[],"attachments":[],"parameters":[{"name":"message","value":"--------------Verify text is visible--------------------"}],"shouldDisplayMessage":false,"attachmentsCount":0,"stepsCount":0,"attachmentStep":false,"hasContent":true},{"name":"User has been entered OTP: - 123456.0","time":{"start":1764751062657,"stop":1764751062657,"duration":0},"status":"passed","steps":[],"attachments":[],"parameters":[{"name":"message","value":"User has been entered OTP: - 123456.0"}],"shouldDisplayMessage":false,"attachmentsCount":0,"stepsCount":0,"attachmentStep":false,"hasContent":true},{"name":"Forgot passowrd page is displaying these contents:- Verify","time":{"start":1764751062678,"stop":1764751062678,"duration":0},"status":"passed","steps":[],"attachments":[],"parameters":[{"name":"message","value":"Forgot passowrd page is displaying these contents:- Verify"}],"shouldDisplayMessage":false,"attachmentsCount":0,"stepsCount":0,"attachmentStep":false,"hasContent":true},{"name":"\n-------------- start row 9 --------------------","time":{"start":1764751062678,"stop":1764751062678,"duration":0},"status":"passed","steps":[],"attachments":[],"parameters":[{"name":"message","value":"\n-------------- start row 9 --------------------"}],"shouldDisplayMessage":false,"attachmentsCount":0,"stepsCount":0,"attachmentStep":false,"hasContent":true},{"name":"--------------Resend OTP text is visible--------------------","time":{"start":1764751062937,"stop":1764751062937,"duration":0},"status":"passed","steps":[],"attachments":[],"parameters":[{"name":"message","value":"--------------Resend OTP text is visible--------------------"}],"shouldDisplayMessage":false,"attachmentsCount":0,"stepsCount":0,"attachmentStep":false,"hasContent":true},{"name":"Forgot passowrd page is displaying these contents:- Resend OTP","time":{"start":1764751070463,"stop":1764751070463,"duration":0},"status":"passed","steps":[],"attachments":[],"parameters":[{"name":"message","value":"Forgot passowrd page is displaying these contents:- Resend OTP"}],"shouldDisplayMessage":false,"attachmentsCount":0,"stepsCount":0,"attachmentStep":false,"hasContent":true},{"name":"\n-------------- start row 10 --------------------","time":{"start":1764751070463,"stop":1764751070463,"duration":0},"status":"passed","steps":[],"attachments":[],"parameters":[{"name":"message","value":"\n-------------- start row 10 --------------------"}],"shouldDisplayMessage":false,"attachmentsCount":0,"stepsCount":0,"attachmentStep":false,"hasContent":true},{"name":"--------------New Password text is visible--------------------","time":{"start":1764751070747,"stop":1764751070747,"duration":0},"status":"passed","steps":[],"attachments":[],"parameters":[{"name":"message","value":"--------------New Password text is visible--------------------"}],"shouldDisplayMessage":false,"attachmentsCount":0,"stepsCount":0,"attachmentStep":false,"hasContent":true},{"name":"Enter Email, OTP and submit it.","time":{"start":1764751070747,"stop":1764751070945,"duration":198},"status":"broken","statusMessage":"Cannot invoke \"org.apache.poi.ss.usermodel.Row.getCell(int)\" because the return value of \"org.apache.poi.ss.usermodel.Sheet.getRow(int)\" is null","statusTrace":"java.lang.NullPointerException: Cannot invoke \"org.apache.poi.ss.usermodel.Row.getCell(int)\" because the return value of \"org.apache.poi.ss.usermodel.Sheet.getRow(int)\" is null\r\n\tat genericUtility_Markets.MARKETS_ExcelFileUtility.readDataFromExcel(MARKETS_ExcelFileUtility.java:62)\r\n\tat objectRepository_Markets.Markets_ForgotPasswordPage.verifyOTPFxnlity(Markets_ForgotPasswordPage.java:412)\r\n\tat objectRepository_Markets.Markets_ForgotPasswordPage.isTextDisplayInForgotPage(Markets_ForgotPasswordPage.java:356)\r\n\tat objectRepository_Markets.Markets_ForgotPasswordPage.verifySignUpPageTexts(Markets_ForgotPasswordPage.java:397)\r\n\tat markets.ForgotPasswordPageTest.verifyTextsInForgotPasswordPageMKT_I72(ForgotPasswordPageTest.java:82)\r\n\tat java.base/jdk.internal.reflect.NativeMethodAccessorImpl.invoke0(Native Method)\r\n\tat java.base/jdk.internal.reflect.NativeMethodAccessorImpl.invoke(NativeMethodAccessorImpl.java:77)\r\n\tat java.base/jdk.internal.reflect.DelegatingMethodAccessorImpl.invoke(DelegatingMethodAccessorImpl.java:43)\r\n\tat java.base/java.lang.reflect.Method.invoke(Method.java:568)\r\n\tat org.testng.internal.invokers.MethodInvocationHelper.invokeMethod(MethodInvocationHelper.java:141)\r\n\tat org.testng.internal.invokers.TestInvoker.invokeMethod(TestInvoker.java:687)\r\n\tat org.testng.internal.invokers.TestInvoker.invokeTestMethod(TestInvoker.java:230)\r\n\tat org.testng.internal.invokers.MethodRunner.runInSequence(MethodRunner.java:63)\r\n\tat org.testng.internal.invokers.TestInvoker$MethodInvocationAgent.invoke(TestInvoker.java:995)\r\n\tat org.testng.internal.invokers.TestInvoker.invokeTestMethods(TestInvoker.java:203)\r\n\tat org.testng.internal.invokers.TestMethodWorker.invokeTestMethods(TestMethodWorker.java:154)\r\n\tat org.testng.internal.invokers.TestMethodWorker.run(TestMethodWorker.java:134)\r\n\tat java.base/java.util.ArrayList.forEach(ArrayList.java:1511)\r\n\tat org.testng.TestRunner.privateRun(TestRunner.java:741)\r\n\tat org.testng.TestRunner.run(TestRunner.java:616)\r\n\tat org.testng.SuiteRunner.runTest(SuiteRunner.java:421)\r\n\tat org.testng.SuiteRunner.runSequentially(SuiteRunner.java:413)\r\n\tat org.testng.SuiteRunner.privateRun(SuiteRunner.java:373)\r\n\tat org.testng.SuiteRunner.run(SuiteRunner.java:312)\r\n\tat org.testng.SuiteRunnerWorker.runSuite(SuiteRunnerWorker.java:52)\r\n\tat org.testng.SuiteRunnerWorker.run(SuiteRunnerWorker.java:95)\r\n\tat org.testng.TestNG.runSuitesSequentially(TestNG.java:1274)\r\n\tat org.testng.TestNG.runSuitesLocally(TestNG.java:1208)\r\n\tat org.testng.TestNG.runSuites(TestNG.java:1112)\r\n\tat org.testng.TestNG.run(TestNG.java:1079)\r\n\tat org.testng.remote.AbstractRemoteTestNG.run(AbstractRemoteTestNG.java:115)\r\n\tat org.testng.remote.RemoteTestNG.initAndRun(RemoteTestNG.java:293)\r\n\tat org.testng.remote.RemoteTestNG.main(RemoteTestNG.java:91)\r\n","steps":[{"name":"User has been clicked successfully on Forgot Password button!","time":{"start":1764751070908,"stop":1764751070908,"duration":0},"status":"passed","steps":[],"attachments":[],"parameters":[{"name":"message","value":"User has been clicked successfully on Forgot Password button!"}],"shouldDisplayMessage":false,"attachmentsCount":0,"stepsCount":0,"attachmentStep":false,"hasContent":true}],"attachments":[],"parameters":[{"name":"driver","value":"FirefoxDriver: firefox on windows (a27df91a-885d-43a6-ac22-a97662140716)"}],"shouldDisplayMessage":true,"attachmentsCount":0,"stepsCount":1,"attachmentStep":false,"hasContent":true}],"attachments":[],"parameters":[],"shouldDisplayMessage":false,"attachmentsCount":0,"stepsCount":35,"attachmentStep":false,"hasContent":true},"afterStages":[{"name":"amConfig","time":{"start":1764751071308,"stop":1764751082320,"duration":11012},"description":"","status":"passed","steps":[],"attachments":[],"parameters":[],"shouldDisplayMessage":false,"attachmentsCount":0,"stepsCount":0,"attachmentStep":false,"hasContent":false}],"labels":[{"name":"package","value":"markets.ForgotPasswordPageTest"},{"name":"testClass","value":"markets.ForgotPasswordPageTest"},{"name":"testMethod","value":"verifyTextsInForgotPasswordPageMKT_I72"},{"name":"parentSuite","value":"Retail sector failed test cases Suite"},{"name":"suite","value":"Test"},{"name":"subSuite","value":"markets.ForgotPasswordPageTest"},{"name":"host","value":"DESKTOP-EUVMRJA"},{"name":"thread","value":"7500@DESKTOP-EUVMRJA.main(1)"},{"name":"framework","value":"testng"},{"name":"language","value":"java"},{"name":"resultFormat","value":"allure2"}],"parameters":[],"links":[],"hidden":false,"retry":false,"extra":{"severity":"normal","retries":[],"categories":[{"name":"Test defects","matchedStatuses":[],"flaky":false}],"tags":[]},"source":"448cb8633c51698.json","parameterValues":[]}