{"uid":"8282e6f61887ed61","name":"verifyResendBtnFxnlity","fullName":"markets.SignUpPageTest.verifyResendBtnFxnlity","historyId":"faee0d1056cd39dcfcdd3fd82366832","time":{"start":1764750620644,"stop":1764750816926,"duration":196282},"status":"broken","statusMessage":"Expected condition failed: waiting for visibility of Proxy element for: DefaultElementLocator 'By.xpath: //td[normalize-space()='Verify Your Email to Activate Your Estater Markets Account']//following::td[normalize-space()='just now']' (tried for 30 second(s) with 500 milliseconds interval)","statusTrace":"org.openqa.selenium.TimeoutException: Expected condition failed: waiting for visibility of Proxy element for: DefaultElementLocator 'By.xpath: //td[normalize-space()='Verify Your Email to Activate Your Estater Markets Account']//following::td[normalize-space()='just now']' (tried for 30 second(s) with 500 milliseconds interval)\r\n\tat org.openqa.selenium.support.ui.WebDriverWait.timeoutException(WebDriverWait.java:84)\r\n\tat org.openqa.selenium.support.ui.FluentWait.until(FluentWait.java:228)\r\n\tat genericUtility_Markets.MARKETS_ExcelFileUtility.waitForVisibleElement(MARKETS_ExcelFileUtility.java:356)\r\n\tat genericUtility_Markets.Markets_Mailinator.isMailDisplayed(Markets_Mailinator.java:192)\r\n\tat genericUtility_Markets.Markets_Mailinator.verifyMail(Markets_Mailinator.java:274)\r\n\tat markets.SignUpPageTest.verifyResendBtnFxnlity(SignUpPageTest.java:87)\r\n\tat java.base/jdk.internal.reflect.NativeMethodAccessorImpl.invoke0(Native Method)\r\n\tat java.base/jdk.internal.reflect.NativeMethodAccessorImpl.invoke(NativeMethodAccessorImpl.java:77)\r\n\tat java.base/jdk.internal.reflect.DelegatingMethodAccessorImpl.invoke(DelegatingMethodAccessorImpl.java:43)\r\n\tat java.base/java.lang.reflect.Method.invoke(Method.java:568)\r\n\tat org.testng.internal.invokers.MethodInvocationHelper.invokeMethod(MethodInvocationHelper.java:141)\r\n\tat org.testng.internal.invokers.TestInvoker.invokeMethod(TestInvoker.java:687)\r\n\tat org.testng.internal.invokers.TestInvoker.invokeTestMethod(TestInvoker.java:230)\r\n\tat org.testng.internal.invokers.MethodRunner.runInSequence(MethodRunner.java:63)\r\n\tat org.testng.internal.invokers.TestInvoker$MethodInvocationAgent.invoke(TestInvoker.java:995)\r\n\tat org.testng.internal.invokers.TestInvoker.invokeTestMethods(TestInvoker.java:203)\r\n\tat org.testng.internal.invokers.TestMethodWorker.invokeTestMethods(TestMethodWorker.java:154)\r\n\tat org.testng.internal.invokers.TestMethodWorker.run(TestMethodWorker.java:134)\r\n\tat java.base/java.util.ArrayList.forEach(ArrayList.java:1511)\r\n\tat org.testng.TestRunner.privateRun(TestRunner.java:741)\r\n\tat org.testng.TestRunner.run(TestRunner.java:616)\r\n\tat org.testng.SuiteRunner.runTest(SuiteRunner.java:421)\r\n\tat org.testng.SuiteRunner.runSequentially(SuiteRunner.java:413)\r\n\tat org.testng.SuiteRunner.privateRun(SuiteRunner.java:373)\r\n\tat org.testng.SuiteRunner.run(SuiteRunner.java:312)\r\n\tat org.testng.SuiteRunnerWorker.runSuite(SuiteRunnerWorker.java:52)\r\n\tat org.testng.SuiteRunnerWorker.run(SuiteRunnerWorker.java:95)\r\n\tat org.testng.TestNG.runSuitesSequentially(TestNG.java:1274)\r\n\tat org.testng.TestNG.runSuitesLocally(TestNG.java:1208)\r\n\tat org.testng.TestNG.runSuites(TestNG.java:1112)\r\n\tat org.testng.TestNG.run(TestNG.java:1079)\r\n\tat org.testng.remote.AbstractRemoteTestNG.run(AbstractRemoteTestNG.java:115)\r\n\tat org.testng.remote.RemoteTestNG.initAndRun(RemoteTestNG.java:293)\r\n\tat org.testng.remote.RemoteTestNG.main(RemoteTestNG.java:91)\r\nCaused by: org.openqa.selenium.NoSuchElementException: Unable to locate element: //td[normalize-space()='Verify Your Email to Activate Your Estater Markets Account']//following::td[normalize-space()='just now']\nFor documentation on this error, please visit: https://www.selenium.dev/documentation/webdriver/troubleshooting/errors#nosuchelementexception\nBuild info: version: '4.38.0', revision: '6b412e825c*'\nSystem info: os.name: 'Windows 11', os.arch: 'amd64', os.version: '10.0', java.version: '17.0.9'\nDriver info: org.openqa.selenium.firefox.FirefoxDriver\nCommand: [46467dfc-3def-44ce-93d1-35bf5bd80c90, findElement {using=xpath, value=//td[normalize-space()='Verify Your Email to Activate Your Estater Markets Account']//following::td[normalize-space()='just now']}]\nCapabilities {acceptInsecureCerts: true, browserName: firefox, browserVersion: 145.0.2, moz:accessibilityChecks: false, moz:buildID: 20251124145406, moz:geckodriverVersion: 0.36.0, moz:headless: false, moz:platformVersion: 10.0, moz:processID: 17316, moz:profile: C:\\Users\\RISHAB~1\\AppData\\L..., moz:shutdownTimeout: 60000, moz:webdriverClick: true, moz:windowless: false, pageLoadStrategy: normal, platformName: windows, proxy: Proxy(), setWindowRect: true, strictFileInteractability: false, timeouts: {implicit: 0, pageLoad: 300000, script: 30000}, unhandledPromptBehavior: dismiss and notify, userAgent: Mozilla/5.0 (Windows NT 10....}\nSession ID: 46467dfc-3def-44ce-93d1-35bf5bd80c90\r\n\tat jdk.internal.reflect.GeneratedConstructorAccessor61.newInstance(Unknown Source)\r\n\tat java.base/jdk.internal.reflect.DelegatingConstructorAccessorImpl.newInstance(DelegatingConstructorAccessorImpl.java:45)\r\n\tat java.base/java.lang.reflect.Constructor.newInstanceWithCaller(Constructor.java:499)\r\n\tat java.base/java.lang.reflect.Constructor.newInstance(Constructor.java:480)\r\n\tat org.openqa.selenium.remote.ErrorCodec.decode(ErrorCodec.java:167)\r\n\tat org.openqa.selenium.remote.codec.w3c.W3CHttpResponseCodec.decode(W3CHttpResponseCodec.java:138)\r\n\tat org.openqa.selenium.remote.codec.w3c.W3CHttpResponseCodec.decode(W3CHttpResponseCodec.java:50)\r\n\tat org.openqa.selenium.remote.HttpCommandExecutor.execute(HttpCommandExecutor.java:215)\r\n\tat org.openqa.selenium.remote.service.DriverCommandExecutor.invokeExecute(DriverCommandExecutor.java:216)\r\n\tat org.openqa.selenium.remote.service.DriverCommandExecutor.execute(DriverCommandExecutor.java:174)\r\n\tat org.openqa.selenium.remote.RemoteWebDriver.execute(RemoteWebDriver.java:557)\r\n\tat org.openqa.selenium.remote.ElementLocation$ElementFinder$2.findElement(ElementLocation.java:165)\r\n\tat org.openqa.selenium.remote.ElementLocation.findElement(ElementLocation.java:59)\r\n\tat org.openqa.selenium.remote.RemoteWebDriver.findElement(RemoteWebDriver.java:380)\r\n\tat org.openqa.selenium.remote.RemoteWebDriver.findElement(RemoteWebDriver.java:374)\r\n\tat org.openqa.selenium.support.pagefactory.DefaultElementLocator.findElement(DefaultElementLocator.java:68)\r\n\tat org.openqa.selenium.support.pagefactory.internal.LocatingElementHandler.invoke(LocatingElementHandler.java:38)\r\n\tat jdk.proxy2/jdk.proxy2.$Proxy20.isDisplayed(Unknown Source)\r\n\tat org.openqa.selenium.support.ui.ExpectedConditions.elementIfVisible(ExpectedConditions.java:308)\r\n\tat org.openqa.selenium.support.ui.ExpectedConditions$10.apply(ExpectedConditions.java:294)\r\n\tat org.openqa.selenium.support.ui.ExpectedConditions$10.apply(ExpectedConditions.java:291)\r\n\tat org.openqa.selenium.support.ui.FluentWait.until(FluentWait.java:203)\r\n\t... 32 more\r\n","flaky":false,"newFailed":false,"newBroken":false,"newPassed":false,"retriesCount":0,"retriesStatusChange":false,"beforeStages":[{"name":"bmConfig","time":{"start":1764750615595,"stop":1764750620565,"duration":4970},"description":"","status":"passed","steps":[],"attachments":[],"parameters":[],"shouldDisplayMessage":false,"attachmentsCount":0,"stepsCount":0,"attachmentStep":false,"hasContent":false}],"testStage":{"status":"broken","statusMessage":"Expected condition failed: waiting for visibility of Proxy element for: DefaultElementLocator 'By.xpath: //td[normalize-space()='Verify Your Email to Activate Your Estater Markets Account']//following::td[normalize-space()='just now']' (tried for 30 second(s) with 500 milliseconds interval)","statusTrace":"org.openqa.selenium.TimeoutException: Expected condition failed: waiting for visibility of Proxy element for: DefaultElementLocator 'By.xpath: //td[normalize-space()='Verify Your Email to Activate Your Estater Markets Account']//following::td[normalize-space()='just now']' (tried for 30 second(s) with 500 milliseconds interval)\r\n\tat org.openqa.selenium.support.ui.WebDriverWait.timeoutException(WebDriverWait.java:84)\r\n\tat org.openqa.selenium.support.ui.FluentWait.until(FluentWait.java:228)\r\n\tat genericUtility_Markets.MARKETS_ExcelFileUtility.waitForVisibleElement(MARKETS_ExcelFileUtility.java:356)\r\n\tat genericUtility_Markets.Markets_Mailinator.isMailDisplayed(Markets_Mailinator.java:192)\r\n\tat genericUtility_Markets.Markets_Mailinator.verifyMail(Markets_Mailinator.java:274)\r\n\tat markets.SignUpPageTest.verifyResendBtnFxnlity(SignUpPageTest.java:87)\r\n\tat java.base/jdk.internal.reflect.NativeMethodAccessorImpl.invoke0(Native Method)\r\n\tat java.base/jdk.internal.reflect.NativeMethodAccessorImpl.invoke(NativeMethodAccessorImpl.java:77)\r\n\tat java.base/jdk.internal.reflect.DelegatingMethodAccessorImpl.invoke(DelegatingMethodAccessorImpl.java:43)\r\n\tat java.base/java.lang.reflect.Method.invoke(Method.java:568)\r\n\tat org.testng.internal.invokers.MethodInvocationHelper.invokeMethod(MethodInvocationHelper.java:141)\r\n\tat org.testng.internal.invokers.TestInvoker.invokeMethod(TestInvoker.java:687)\r\n\tat org.testng.internal.invokers.TestInvoker.invokeTestMethod(TestInvoker.java:230)\r\n\tat org.testng.internal.invokers.MethodRunner.runInSequence(MethodRunner.java:63)\r\n\tat org.testng.internal.invokers.TestInvoker$MethodInvocationAgent.invoke(TestInvoker.java:995)\r\n\tat org.testng.internal.invokers.TestInvoker.invokeTestMethods(TestInvoker.java:203)\r\n\tat org.testng.internal.invokers.TestMethodWorker.invokeTestMethods(TestMethodWorker.java:154)\r\n\tat org.testng.internal.invokers.TestMethodWorker.run(TestMethodWorker.java:134)\r\n\tat java.base/java.util.ArrayList.forEach(ArrayList.java:1511)\r\n\tat org.testng.TestRunner.privateRun(TestRunner.java:741)\r\n\tat org.testng.TestRunner.run(TestRunner.java:616)\r\n\tat org.testng.SuiteRunner.runTest(SuiteRunner.java:421)\r\n\tat org.testng.SuiteRunner.runSequentially(SuiteRunner.java:413)\r\n\tat org.testng.SuiteRunner.privateRun(SuiteRunner.java:373)\r\n\tat org.testng.SuiteRunner.run(SuiteRunner.java:312)\r\n\tat org.testng.SuiteRunnerWorker.runSuite(SuiteRunnerWorker.java:52)\r\n\tat org.testng.SuiteRunnerWorker.run(SuiteRunnerWorker.java:95)\r\n\tat org.testng.TestNG.runSuitesSequentially(TestNG.java:1274)\r\n\tat org.testng.TestNG.runSuitesLocally(TestNG.java:1208)\r\n\tat org.testng.TestNG.runSuites(TestNG.java:1112)\r\n\tat org.testng.TestNG.run(TestNG.java:1079)\r\n\tat org.testng.remote.AbstractRemoteTestNG.run(AbstractRemoteTestNG.java:115)\r\n\tat org.testng.remote.RemoteTestNG.initAndRun(RemoteTestNG.java:293)\r\n\tat org.testng.remote.RemoteTestNG.main(RemoteTestNG.java:91)\r\nCaused by: org.openqa.selenium.NoSuchElementException: Unable to locate element: //td[normalize-space()='Verify Your Email to Activate Your Estater Markets Account']//following::td[normalize-space()='just now']\nFor documentation on this error, please visit: https://www.selenium.dev/documentation/webdriver/troubleshooting/errors#nosuchelementexception\nBuild info: version: '4.38.0', revision: '6b412e825c*'\nSystem info: os.name: 'Windows 11', os.arch: 'amd64', os.version: '10.0', java.version: '17.0.9'\nDriver info: org.openqa.selenium.firefox.FirefoxDriver\nCommand: [46467dfc-3def-44ce-93d1-35bf5bd80c90, findElement {using=xpath, value=//td[normalize-space()='Verify Your Email to Activate Your Estater Markets Account']//following::td[normalize-space()='just now']}]\nCapabilities {acceptInsecureCerts: true, browserName: firefox, browserVersion: 145.0.2, moz:accessibilityChecks: false, moz:buildID: 20251124145406, moz:geckodriverVersion: 0.36.0, moz:headless: false, moz:platformVersion: 10.0, moz:processID: 17316, moz:profile: C:\\Users\\RISHAB~1\\AppData\\L..., moz:shutdownTimeout: 60000, moz:webdriverClick: true, moz:windowless: false, pageLoadStrategy: normal, platformName: windows, proxy: Proxy(), setWindowRect: true, strictFileInteractability: false, timeouts: {implicit: 0, pageLoad: 300000, script: 30000}, unhandledPromptBehavior: dismiss and notify, userAgent: Mozilla/5.0 (Windows NT 10....}\nSession ID: 46467dfc-3def-44ce-93d1-35bf5bd80c90\r\n\tat jdk.internal.reflect.GeneratedConstructorAccessor61.newInstance(Unknown Source)\r\n\tat java.base/jdk.internal.reflect.DelegatingConstructorAccessorImpl.newInstance(DelegatingConstructorAccessorImpl.java:45)\r\n\tat java.base/java.lang.reflect.Constructor.newInstanceWithCaller(Constructor.java:499)\r\n\tat java.base/java.lang.reflect.Constructor.newInstance(Constructor.java:480)\r\n\tat org.openqa.selenium.remote.ErrorCodec.decode(ErrorCodec.java:167)\r\n\tat org.openqa.selenium.remote.codec.w3c.W3CHttpResponseCodec.decode(W3CHttpResponseCodec.java:138)\r\n\tat org.openqa.selenium.remote.codec.w3c.W3CHttpResponseCodec.decode(W3CHttpResponseCodec.java:50)\r\n\tat org.openqa.selenium.remote.HttpCommandExecutor.execute(HttpCommandExecutor.java:215)\r\n\tat org.openqa.selenium.remote.service.DriverCommandExecutor.invokeExecute(DriverCommandExecutor.java:216)\r\n\tat org.openqa.selenium.remote.service.DriverCommandExecutor.execute(DriverCommandExecutor.java:174)\r\n\tat org.openqa.selenium.remote.RemoteWebDriver.execute(RemoteWebDriver.java:557)\r\n\tat org.openqa.selenium.remote.ElementLocation$ElementFinder$2.findElement(ElementLocation.java:165)\r\n\tat org.openqa.selenium.remote.ElementLocation.findElement(ElementLocation.java:59)\r\n\tat org.openqa.selenium.remote.RemoteWebDriver.findElement(RemoteWebDriver.java:380)\r\n\tat org.openqa.selenium.remote.RemoteWebDriver.findElement(RemoteWebDriver.java:374)\r\n\tat org.openqa.selenium.support.pagefactory.DefaultElementLocator.findElement(DefaultElementLocator.java:68)\r\n\tat org.openqa.selenium.support.pagefactory.internal.LocatingElementHandler.invoke(LocatingElementHandler.java:38)\r\n\tat jdk.proxy2/jdk.proxy2.$Proxy20.isDisplayed(Unknown Source)\r\n\tat org.openqa.selenium.support.ui.ExpectedConditions.elementIfVisible(ExpectedConditions.java:308)\r\n\tat org.openqa.selenium.support.ui.ExpectedConditions$10.apply(ExpectedConditions.java:294)\r\n\tat org.openqa.selenium.support.ui.ExpectedConditions$10.apply(ExpectedConditions.java:291)\r\n\tat org.openqa.selenium.support.ui.FluentWait.until(FluentWait.java:203)\r\n\t... 32 more\r\n","steps":[{"name":"User has been clicked successfully on Sign up here button!","time":{"start":1764750623437,"stop":1764750623437,"duration":0},"status":"passed","steps":[],"attachments":[],"parameters":[{"name":"message","value":"User has been clicked successfully on Sign up here button!"}],"shouldDisplayMessage":false,"attachmentsCount":0,"stepsCount":0,"attachmentStep":false,"hasContent":true},{"name":"User has been entered first name: - Abcd","time":{"start":1764750623762,"stop":1764750623762,"duration":0},"status":"passed","steps":[],"attachments":[],"parameters":[{"name":"message","value":"User has been entered first name: - Abcd"}],"shouldDisplayMessage":false,"attachmentsCount":0,"stepsCount":0,"attachmentStep":false,"hasContent":true},{"name":"User has been entered last name: - Efgh","time":{"start":1764750623814,"stop":1764750623814,"duration":0},"status":"passed","steps":[],"attachments":[],"parameters":[{"name":"message","value":"User has been entered last name: - Efgh"}],"shouldDisplayMessage":false,"attachmentsCount":0,"stepsCount":0,"attachmentStep":false,"hasContent":true},{"name":"User has been entered email address: - ravi.mewada82085@mailinator.com","time":{"start":1764750623952,"stop":1764750623952,"duration":0},"status":"passed","steps":[],"attachments":[],"parameters":[{"name":"message","value":"User has been entered email address: - ravi.mewada82085@mailinator.com"}],"shouldDisplayMessage":false,"attachmentsCount":0,"stepsCount":0,"attachmentStep":false,"hasContent":true},{"name":"User has been entered password: - Ravi#1234","time":{"start":1764750624183,"stop":1764750624183,"duration":0},"status":"passed","steps":[],"attachments":[],"parameters":[{"name":"message","value":"User has been entered password: - Ravi#1234"}],"shouldDisplayMessage":false,"attachmentsCount":0,"stepsCount":0,"attachmentStep":false,"hasContent":true},{"name":"User has been entered password: - Ravi#1234","time":{"start":1764750624317,"stop":1764750624317,"duration":0},"status":"passed","steps":[],"attachments":[],"parameters":[{"name":"message","value":"User has been entered password: - Ravi#1234"}],"shouldDisplayMessage":false,"attachmentsCount":0,"stepsCount":0,"attachmentStep":false,"hasContent":true},{"name":"User has been clicked successfully on Sign in Btn!","time":{"start":1764750624409,"stop":1764750624409,"duration":0},"status":"passed","steps":[],"attachments":[],"parameters":[{"name":"message","value":"User has been clicked successfully on Sign in Btn!"}],"shouldDisplayMessage":false,"attachmentsCount":0,"stepsCount":0,"attachmentStep":false,"hasContent":true},{"name":"An error occurred: Unable to locate element: //div[contains(@class,'form-group')]//following::mat-error | //p[contains(@class,'alert-text')]\nFor documentation on this error, please visit: https://www.selenium.dev/documentation/webdriver/troubleshooting/errors#nosuchelementexception\nBuild info: version: '4.38.0', revision: '6b412e825c*'\nSystem info: os.name: 'Windows 11', os.arch: 'amd64', os.version: '10.0', java.version: '17.0.9'\nDriver info: org.openqa.selenium.firefox.FirefoxDriver\nCommand: [46467dfc-3def-44ce-93d1-35bf5bd80c90, findElement {using=xpath, value=//div[contains(@class,'form-group')]//following::mat-error | //p[contains(@class,'alert-text')]}]\nCapabilities {acceptInsecureCerts: true, browserName: firefox, browserVersion: 145.0.2, moz:accessibilityChecks: false, moz:buildID: 20251124145406, moz:geckodriverVersion: 0.36.0, moz:headless: false, moz:platformVersion: 10.0, moz:processID: 17316, moz:profile: C:\\Users\\RISHAB~1\\AppData\\L..., moz:shutdownTimeout: 60000, moz:webdriverClick: true, moz:windowless: false, pageLoadStrategy: normal, platformName: windows, proxy: Proxy(), setWindowRect: true, strictFileInteractability: false, timeouts: {implicit: 0, pageLoad: 300000, script: 30000}, unhandledPromptBehavior: dismiss and notify, userAgent: Mozilla/5.0 (Windows NT 10....}\nSession ID: 46467dfc-3def-44ce-93d1-35bf5bd80c90","time":{"start":1764750634420,"stop":1764750634420,"duration":0},"status":"passed","steps":[],"attachments":[],"parameters":[{"name":"message","value":"An error occurred: Unable to locate element: //div[contains(@class,'form-group')]//following::mat-error | //p[contains(@class,'alert-text')]\nFor documentation on this error, please visit: https://www.selenium.dev/documentation/webdriver/troubleshooting/errors#nosuchelementexception\nBuild info: version: '4.38.0', revision: '6b412e825c*'\nSystem info: os.name: 'Windows 11', os.arch: 'amd64', os.version: '10.0', java.version: '17.0.9'\nDriver info: org.openqa.selenium.firefox.FirefoxDriver\nCommand: [46467dfc-3def-44ce-93d1-35bf5bd80c90, findElement {using=xpath, value=//div[contains(@class,'form-group')]//following::mat-error | //p[contains(@class,'alert-text')]}]\nCapabilities {acceptInsecureCerts: true, browserName: firefox, browserVersion: 145.0.2, moz:accessibilityChecks: false, moz:buildID: 20251124145406, moz:geckodriverVersion: 0.36.0, moz:headless: false, moz:platformVersion: 10.0, moz:processID: 17316, moz:profile: C:\\Users\\RISHAB~1\\AppData\\L..., moz:shutdownTimeout: 60000, moz:webdriverClick: true, moz:windowless: false, pageLoadStrategy: normal, platformName: windows, proxy: Proxy(), setWindowRect: true, strictFileInteractability: false, timeouts: {implicit: 0, pageLoad: 300000, script: 30000}, unhandledPromptBehavior: dismiss and notify, userAgent: Mozilla/5.0 (Windows NT 10....}\nSession ID: 46467dfc-3def-44ce-93d1-35bf5bd80c90"}],"shouldDisplayMessage":false,"attachmentsCount":0,"stepsCount":0,"attachmentStep":false,"hasContent":true},{"name":"User has been verified successfully Resend button page!","time":{"start":1764750639481,"stop":1764750639481,"duration":0},"status":"passed","steps":[],"attachments":[],"parameters":[{"name":"message","value":"User has been verified successfully Resend button page!"}],"shouldDisplayMessage":false,"attachmentsCount":0,"stepsCount":0,"attachmentStep":false,"hasContent":true},{"name":"User has been clicked successfully on Resend button!","time":{"start":1764750677420,"stop":1764750677420,"duration":0},"status":"passed","steps":[],"attachments":[],"parameters":[{"name":"message","value":"User has been clicked successfully on Resend button!"}],"shouldDisplayMessage":false,"attachmentsCount":0,"stepsCount":0,"attachmentStep":false,"hasContent":true},{"name":"The actual message is: - Notification send successfully, please check your mail address","time":{"start":1764750678519,"stop":1764750678519,"duration":0},"status":"passed","steps":[],"attachments":[],"parameters":[{"name":"message","value":"The actual message is: - Notification send successfully, please check your mail address"}],"shouldDisplayMessage":false,"attachmentsCount":0,"stepsCount":0,"attachmentStep":false,"hasContent":true},{"name":"Switched to second window with handle: 27fbe7f9-1c2f-421f-b77f-ab05b346dc11","time":{"start":1764750680646,"stop":1764750680646,"duration":0},"status":"passed","steps":[],"attachments":[],"parameters":[{"name":"message","value":"Switched to second window with handle: 27fbe7f9-1c2f-421f-b77f-ab05b346dc11"}],"shouldDisplayMessage":false,"attachmentsCount":0,"stepsCount":0,"attachmentStep":false,"hasContent":true},{"name":"User has been clicked successfully on public inbox button!","time":{"start":1764750770568,"stop":1764750770568,"duration":0},"status":"passed","steps":[],"attachments":[],"parameters":[{"name":"message","value":"User has been clicked successfully on public inbox button!"}],"shouldDisplayMessage":false,"attachmentsCount":0,"stepsCount":0,"attachmentStep":false,"hasContent":true},{"name":"User has been entered the input:- ravi.mewada82085","time":{"start":1764750775695,"stop":1764750775695,"duration":0},"status":"passed","steps":[],"attachments":[],"parameters":[{"name":"message","value":"User has been entered the input:- ravi.mewada82085"}],"shouldDisplayMessage":false,"attachmentsCount":0,"stepsCount":0,"attachmentStep":false,"hasContent":true},{"name":"User has been clicked successfully on Go button","time":{"start":1764750775802,"stop":1764750775802,"duration":0},"status":"passed","steps":[],"attachments":[],"parameters":[{"name":"message","value":"User has been clicked successfully on Go button"}],"shouldDisplayMessage":false,"attachmentsCount":0,"stepsCount":0,"attachmentStep":false,"hasContent":true}],"attachments":[],"parameters":[],"shouldDisplayMessage":true,"attachmentsCount":0,"stepsCount":15,"attachmentStep":false,"hasContent":true},"afterStages":[{"name":"amConfig","time":{"start":1764750817247,"stop":1764750828220,"duration":10973},"description":"","status":"passed","steps":[],"attachments":[],"parameters":[],"shouldDisplayMessage":false,"attachmentsCount":0,"stepsCount":0,"attachmentStep":false,"hasContent":false}],"labels":[{"name":"package","value":"markets.SignUpPageTest"},{"name":"testClass","value":"markets.SignUpPageTest"},{"name":"testMethod","value":"verifyResendBtnFxnlity"},{"name":"parentSuite","value":"Retail sector failed test cases Suite"},{"name":"suite","value":"Test"},{"name":"subSuite","value":"markets.SignUpPageTest"},{"name":"host","value":"DESKTOP-EUVMRJA"},{"name":"thread","value":"7500@DESKTOP-EUVMRJA.main(1)"},{"name":"framework","value":"testng"},{"name":"language","value":"java"},{"name":"resultFormat","value":"allure2"}],"parameters":[],"links":[],"hidden":false,"retry":false,"extra":{"severity":"normal","retries":[],"categories":[{"name":"Test defects","matchedStatuses":[],"flaky":false}],"tags":[]},"source":"8282e6f61887ed61.json","parameterValues":[]}